<?xml version="1.0" encoding="UTF-8"?>
<testsuite name="com.flagcamp.delivery.DeliveryAppBackendApplicationTests" tests="1" skipped="0" failures="0" errors="0" timestamp="2025-08-11T20:27:30" hostname="Mac.attlocal.net" time="0.26">
  <properties/>
  <testcase name="contextLoads()" classname="com.flagcamp.delivery.DeliveryAppBackendApplicationTests" time="0.26"/>
  <system-out><![CDATA[13:27:28.909 [Test worker] INFO org.springframework.test.context.support.AnnotationConfigContextLoaderUtils -- Could not detect default configuration classes for test class [com.flagcamp.delivery.DeliveryAppBackendApplicationTests]: DeliveryAppBackendApplicationTests does not declare any static, non-private, non-final, nested classes annotated with @Configuration.
13:27:28.948 [Test worker] INFO org.springframework.boot.test.context.SpringBootTestContextBootstrapper -- Found @SpringBootConfiguration com.flagcamp.delivery.DeliveryAppBackendApplication for test class com.flagcamp.delivery.DeliveryAppBackendApplicationTests

  .   ____          _            __ _ _
 /\\ / ___'_ __ _ _(_)_ __  __ _ \ \ \ \
( ( )\___ | '_ | '_| | '_ \/ _` | \ \ \ \
 \\/  ___)| |_)| | | | | || (_| |  ) ) ) )
  '  |____| .__|_| |_|_| |_\__, | / / / /
 =========|_|==============|___/=/_/_/_/
 :: Spring Boot ::                (v3.2.0)

2025-08-11 13:27:29 - Starting DeliveryAppBackendApplicationTests using Java 21.0.7 with PID 97486 (started by gloriaupup in /Users/gloriaupup/Documents/Laioffer/flagcampwen/DeliveryAppBackend)
2025-08-11 13:27:29 - Running with Spring Boot v3.2.0, Spring v6.1.1
2025-08-11 13:27:29 - The following 1 profile is active: "test"
2025-08-11 13:27:29 - Bootstrapping Spring Data JPA repositories in DEFAULT mode.
2025-08-11 13:27:29 - Finished Spring Data repository scanning in 19 ms. Found 12 JPA repository interfaces.
2025-08-11 13:27:29 - HHH000204: Processing PersistenceUnitInfo [name: default]
2025-08-11 13:27:29 - HHH000412: Hibernate ORM core version 6.3.1.Final
2025-08-11 13:27:29 - HHH000026: Second-level cache disabled
2025-08-11 13:27:29 - No LoadTimeWeaver setup: ignoring JPA class transformer
2025-08-11 13:27:29 - HikariPool-1 - Starting...
2025-08-11 13:27:29 - HikariPool-1 - Added connection conn0: url=jdbc:h2:mem:testdb user=SA
2025-08-11 13:27:29 - HikariPool-1 - Start completed.
2025-08-11 13:27:29 - HHH90000025: H2Dialect does not need to be specified explicitly using 'hibernate.dialect' (remove the property setting and it will be selected by default)
2025-08-11 13:27:30 - HHH000489: No JTA platform available (set 'hibernate.transaction.jta.platform' to enable JTA platform integration)
2025-08-11 13:27:30 - Initialized JPA EntityManagerFactory for persistence unit 'default'
2025-08-11 13:27:30 - Hibernate is in classpath; If applicable, HQL parser will be used.
2025-08-11 13:27:30 - spring.jpa.open-in-view is enabled by default. Therefore, database queries may be performed during view rendering. Explicitly configure spring.jpa.open-in-view to disable this warning
2025-08-11 13:27:30 - 

Using generated security password: 3b6c7433-4745-4dc0-89b9-e4e0065a8f39

This generated password is for development use only. Your security configuration must be updated before running your application in production.

2025-08-11 13:27:30 - Will secure any request with [org.springframework.security.web.session.DisableEncodeUrlFilter@48a26095, org.springframework.security.web.context.request.async.WebAsyncManagerIntegrationFilter@79ae4822, org.springframework.security.web.context.SecurityContextHolderFilter@48841b10, org.springframework.security.web.header.HeaderWriterFilter@406ba622, org.springframework.web.filter.CorsFilter@56ed77b1, org.springframework.security.web.authentication.logout.LogoutFilter@2a1c6186, org.springframework.security.web.savedrequest.RequestCacheAwareFilter@752448d2, org.springframework.security.web.servletapi.SecurityContextHolderAwareRequestFilter@2d8a4003, org.springframework.security.web.authentication.AnonymousAuthenticationFilter@665c6b8d, org.springframework.security.web.session.SessionManagementFilter@31287930, org.springframework.security.web.access.ExceptionTranslationFilter@6e9197d1, org.springframework.security.web.access.intercept.AuthorizationFilter@7618e4bf]
2025-08-11 13:27:30 - Started DeliveryAppBackendApplicationTests in 1.825 seconds (process running for 2.192)
]]></system-out>
  <system-err><![CDATA[WARNING: A Java agent has been loaded dynamically (/Users/gloriaupup/.gradle/caches/modules-2/files-2.1/net.bytebuddy/byte-buddy-agent/1.14.10/90ed94ac044ea8953b224304c762316e91fd6b31/byte-buddy-agent-1.14.10.jar)
WARNING: If a serviceability tool is in use, please run with -XX:+EnableDynamicAgentLoading to hide this warning
WARNING: If a serviceability tool is not in use, please run with -Djdk.instrument.traceUsage for more information
WARNING: Dynamic loading of agents will be disallowed by default in a future release
]]></system-err>
</testsuite>
